# JRE version: OpenJDK Runtime Environment Temurin-21.0.10+7 (21.0.10+7) (build 21.0.10+7-LTS)
# Java VM: OpenJDK 64-Bit Server VM Temurin-21.0.10+7 (21.0.10+7-LTS, mixed mode, sharing, tiered, compressed oops, compressed class ptrs, parallel gc, windows-amd64)
GC Precious Log:
 CardTable entry size: 512
 CPUs: 8 total, 8 available
 Memory: 16125M
 Large Page Support: Disabled
 NUMA Support: Disabled
 Compressed Oops: Enabled (32-bit)
 Alignments: Space 512K, Generation 512K, Heap 2M
 Heap Min Capacity: 100M
 Heap Initial Capacity: 100M
 Heap Max Capacity: 2G
 Pre-touch: Disabled
 Parallel Workers: 8
Heap:
 PSYoungGen      total 23552K, used 2520K [0x00000000d5580000, 0x00000000d6f00000, 0x0000000100000000)
  eden space 20992K, 2% used [0x00000000d5580000,0x00000000d55f2e90,0x00000000d6a00000)
  from space 2560K, 80% used [0x00000000d6c80000,0x00000000d6e83530,0x00000000d6f00000)
  to   space 2560K, 0% used [0x00000000d6a00000,0x00000000d6a00000,0x00000000d6c80000)
 ParOldGen       total 68608K, used 31072K [0x0000000080000000, 0x0000000084300000, 0x00000000d5580000)
  object space 68608K, 45% used [0x0000000080000000,0x0000000081e582d8,0x0000000084300000)
 Metaspace       used 53384K, committed 54528K, reserved 1114112K
  class space    used 5845K, committed 6336K, reserved 1048576K
GC Heap History (20 events):
Event: 9.540 GC heap before
{Heap before GC invocations=16 (full 2):
 PSYoungGen      total 23040K, used 1003K [0x00000000d5580000, 0x00000000d7300000, 0x0000000100000000)
  eden space 22016K, 0% used [0x00000000d5580000,0x00000000d5580000,0x00000000d6b00000)
  from space 1024K, 97% used [0x00000000d7200000,0x00000000d72fae10,0x00000000d7300000)
  to   space 2048K, 0% used [0x00000000d6f00000,0x00000000d6f00000,0x00000000d7100000)
 ParOldGen       total 68608K, used 18629K [0x0000000080000000, 0x0000000084300000, 0x00000000d5580000)
  object space 68608K, 27% used [0x0000000080000000,0x0000000081231728,0x0000000084300000)
 Metaspace       used 34929K, committed 35840K, reserved 1114112K
  class space    used 3652K, committed 4032K, reserved 1048576K
}
Event: 9.567 GC heap after
{Heap after GC invocations=16 (full 2):
 PSYoungGen      total 23040K, used 0K [0x00000000d5580000, 0x00000000d7300000, 0x0000000100000000)
  eden space 22016K, 0% used [0x00000000d5580000,0x00000000d5580000,0x00000000d6b00000)
  from space 1024K, 0% used [0x00000000d7200000,0x00000000d7200000,0x00000000d7300000)
  to   space 2048K, 0% used [0x00000000d6f00000,0x00000000d6f00000,0x00000000d7100000)
 ParOldGen       total 68608K, used 18231K [0x0000000080000000, 0x0000000084300000, 0x00000000d5580000)
  object space 68608K, 26% used [0x0000000080000000,0x00000000811cdc20,0x0000000084300000)
 Metaspace       used 34929K, committed 35840K, reserved 1114112K
  class space    used 3652K, committed 4032K, reserved 1048576K
}
Event: 9.711 GC heap before
{Heap before GC invocations=17 (full 2):
 PSYoungGen      total 23040K, used 22016K [0x00000000d5580000, 0x00000000d7300000, 0x0000000100000000)
  eden space 22016K, 100% used [0x00000000d5580000,0x00000000d6b00000,0x00000000d6b00000)
  from space 1024K, 0% used [0x00000000d7200000,0x00000000d7200000,0x00000000d7300000)
  to   space 2048K, 0% used [0x00000000d6f00000,0x00000000d6f00000,0x00000000d7100000)
 ParOldGen       total 68608K, used 18231K [0x0000000080000000, 0x0000000084300000, 0x00000000d5580000)
  object space 68608K, 26% used [0x0000000080000000,0x00000000811cdc20,0x0000000084300000)
 Metaspace       used 37333K, committed 38336K, reserved 1114112K
  class space    used 3931K, committed 4352K, reserved 1048576K
}
Event: 9.713 GC heap after
{Heap after GC invocations=17 (full 2):
 PSYoungGen      total 24064K, used 1851K [0x00000000d5580000, 0x00000000d7280000, 0x0000000100000000)
  eden space 22016K, 0% used [0x00000000d5580000,0x00000000d5580000,0x00000000d6b00000)
  from space 2048K, 90% used [0x00000000d6f00000,0x00000000d70cee28,0x00000000d7100000)
  to   space 1536K, 0% used [0x00000000d7100000,0x00000000d7100000,0x00000000d7280000)
 ParOldGen       total 68608K, used 18239K [0x0000000080000000, 0x0000000084300000, 0x00000000d5580000)
  object space 68608K, 26% used [0x0000000080000000,0x00000000811cfc20,0x0000000084300000)
 Metaspace       used 37333K, committed 38336K, reserved 1114112K
  class space    used 3931K, committed 4352K, reserved 1048576K
}
Event: 9.984 GC heap before
{Heap before GC invocations=18 (full 2):
 PSYoungGen      total 24064K, used 23867K [0x00000000d5580000, 0x00000000d7280000, 0x0000000100000000)
  eden space 22016K, 100% used [0x00000000d5580000,0x00000000d6b00000,0x00000000d6b00000)
  from space 2048K, 90% used [0x00000000d6f00000,0x00000000d70cee28,0x00000000d7100000)
  to   space 1536K, 0% used [0x00000000d7100000,0x00000000d7100000,0x00000000d7280000)
 ParOldGen       total 68608K, used 18239K [0x0000000080000000, 0x0000000084300000, 0x00000000d5580000)
  object space 68608K, 26% used [0x0000000080000000,0x00000000811cfc20,0x0000000084300000)
 Metaspace       used 40569K, committed 41664K, reserved 1114112K
  class space    used 4343K, committed 4800K, reserved 1048576K
}
Event: 9.986 GC heap after
{Heap after GC invocations=18 (full 2):
 PSYoungGen      total 23552K, used 1056K [0x00000000d5580000, 0x00000000d7280000, 0x0000000100000000)
  eden space 22016K, 0% used [0x00000000d5580000,0x00000000d5580000,0x00000000d6b00000)
  from space 1536K, 68% used [0x00000000d7100000,0x00000000d7208000,0x00000000d7280000)
  to   space 1536K, 0% used [0x00000000d6f80000,0x00000000d6f80000,0x00000000d7100000)
 ParOldGen       total 68608K, used 19995K [0x0000000080000000, 0x0000000084300000, 0x00000000d5580000)
  object space 68608K, 29% used [0x0000000080000000,0x0000000081386f98,0x0000000084300000)
 Metaspace       used 40569K, committed 41664K, reserved 1114112K
  class space    used 4343K, committed 4800K, reserved 1048576K
}
Event: 10.253 GC heap before
{Heap before GC invocations=19 (full 2):
 PSYoungGen      total 23552K, used 23070K [0x00000000d5580000, 0x00000000d7280000, 0x0000000100000000)
  eden space 22016K, 99% used [0x00000000d5580000,0x00000000d6aff8a8,0x00000000d6b00000)
  from space 1536K, 68% used [0x00000000d7100000,0x00000000d7208000,0x00000000d7280000)
  to   space 1536K, 0% used [0x00000000d6f80000,0x00000000d6f80000,0x00000000d7100000)
 ParOldGen       total 68608K, used 19995K [0x0000000080000000, 0x0000000084300000, 0x00000000d5580000)
  object space 68608K, 29% used [0x0000000080000000,0x0000000081386f98,0x0000000084300000)
 Metaspace       used 43536K, committed 44544K, reserved 1114112K
  class space    used 4742K, committed 5184K, reserved 1048576K
}
Event: 10.256 GC heap after
{Heap after GC invocations=19 (full 2):
 PSYoungGen      total 23552K, used 1178K [0x00000000d5580000, 0x00000000d7180000, 0x0000000100000000)
  eden space 22016K, 0% used [0x00000000d5580000,0x00000000d5580000,0x00000000d6b00000)
  from space 1536K, 76% used [0x00000000d6f80000,0x00000000d70a6b38,0x00000000d7100000)
  to   space 512K, 0% used [0x00000000d7100000,0x00000000d7100000,0x00000000d7180000)
 ParOldGen       total 68608K, used 20895K [0x0000000080000000, 0x0000000084300000, 0x00000000d5580000)
  object space 68608K, 30% used [0x0000000080000000,0x0000000081467ca8,0x0000000084300000)
 Metaspace       used 43536K, committed 44544K, reserved 1114112K
  class space    used 4742K, committed 5184K, reserved 1048576K
}
Event: 10.741 GC heap before
{Heap before GC invocations=20 (full 2):
 PSYoungGen      total 23552K, used 22963K [0x00000000d5580000, 0x00000000d7180000, 0x0000000100000000)
  eden space 22016K, 98% used [0x00000000d5580000,0x00000000d6ac6358,0x00000000d6b00000)
  from space 1536K, 76% used [0x00000000d6f80000,0x00000000d70a6b38,0x00000000d7100000)
  to   space 512K, 0% used [0x00000000d7100000,0x00000000d7100000,0x00000000d7180000)
 ParOldGen       total 68608K, used 20895K [0x0000000080000000, 0x0000000084300000, 0x00000000d5580000)
  object space 68608K, 30% used [0x0000000080000000,0x0000000081467ca8,0x0000000084300000)
 Metaspace       used 46021K, committed 47104K, reserved 1114112K
  class space    used 5061K, committed 5504K, reserved 1048576K
}
Event: 10.743 GC heap after
{Heap after GC invocations=20 (full 2):
 PSYoungGen      total 22528K, used 496K [0x00000000d5580000, 0x00000000d7180000, 0x0000000100000000)
  eden space 22016K, 0% used [0x00000000d5580000,0x00000000d5580000,0x00000000d6b00000)
  from space 512K, 96% used [0x00000000d7100000,0x00000000d717c030,0x00000000d7180000)
  to   space 3072K, 0% used [0x00000000d6b80000,0x00000000d6b80000,0x00000000d6e80000)
 ParOldGen       total 68608K, used 22965K [0x0000000080000000, 0x0000000084300000, 0x00000000d5580000)
  object space 68608K, 33% used [0x0000000080000000,0x000000008166d5d8,0x0000000084300000)
 Metaspace       used 46021K, committed 47104K, reserved 1114112K
  class space    used 5061K, committed 5504K, reserved 1048576K
}
Event: 11.270 GC heap before
{Heap before GC invocations=21 (full 2):
 PSYoungGen      total 22528K, used 22512K [0x00000000d5580000, 0x00000000d7180000, 0x0000000100000000)
  eden space 22016K, 100% used [0x00000000d5580000,0x00000000d6b00000,0x00000000d6b00000)
  from space 512K, 96% used [0x00000000d7100000,0x00000000d717c030,0x00000000d7180000)
  to   space 3072K, 0% used [0x00000000d6b80000,0x00000000d6b80000,0x00000000d6e80000)
 ParOldGen       total 68608K, used 22965K [0x0000000080000000, 0x0000000084300000, 0x00000000d5580000)
  object space 68608K, 33% used [0x0000000080000000,0x000000008166d5d8,0x0000000084300000)
 Metaspace       used 48383K, committed 49408K, reserved 1114112K
  class space    used 5351K, committed 5760K, reserved 1048576K
}
Event: 11.272 GC heap after
{Heap after GC invocations=21 (full 2):
 PSYoungGen      total 25088K, used 2240K [0x00000000d5580000, 0x00000000d7180000, 0x0000000100000000)
  eden space 22016K, 0% used [0x00000000d5580000,0x00000000d5580000,0x00000000d6b00000)
  from space 3072K, 72% used [0x00000000d6b80000,0x00000000d6db0000,0x00000000d6e80000)
  to   space 2560K, 0% used [0x00000000d6f00000,0x00000000d6f00000,0x00000000d7180000)
 ParOldGen       total 68608K, used 23445K [0x0000000080000000, 0x0000000084300000, 0x00000000d5580000)
  object space 68608K, 34% used [0x0000000080000000,0x00000000816e5618,0x0000000084300000)
 Metaspace       used 48383K, committed 49408K, reserved 1114112K
  class space    used 5351K, committed 5760K, reserved 1048576K
}
Event: 11.959 GC heap before
{Heap before GC invocations=22 (full 2):
 PSYoungGen      total 25088K, used 24256K [0x00000000d5580000, 0x00000000d7180000, 0x0000000100000000)
  eden space 22016K, 100% used [0x00000000d5580000,0x00000000d6b00000,0x00000000d6b00000)
  from space 3072K, 72% used [0x00000000d6b80000,0x00000000d6db0000,0x00000000d6e80000)
  to   space 2560K, 0% used [0x00000000d6f00000,0x00000000d6f00000,0x00000000d7180000)
 ParOldGen       total 68608K, used 23445K [0x0000000080000000, 0x0000000084300000, 0x00000000d5580000)
  object space 68608K, 34% used [0x0000000080000000,0x00000000816e5618,0x0000000084300000)
 Metaspace       used 50249K, committed 51392K, reserved 1114112K
  class space    used 5546K, committed 6016K, reserved 1048576K
}
Event: 11.962 GC heap after
{Heap after GC invocations=22 (full 2):
 PSYoungGen      total 23552K, used 1191K [0x00000000d5580000, 0x00000000d7080000, 0x0000000100000000)
  eden space 22016K, 0% used [0x00000000d5580000,0x00000000d5580000,0x00000000d6b00000)
  from space 1536K, 77% used [0x00000000d6f00000,0x00000000d7029c58,0x00000000d7080000)
  to   space 2048K, 0% used [0x00000000d6c80000,0x00000000d6c80000,0x00000000d6e80000)
 ParOldGen       total 68608K, used 25491K [0x0000000080000000, 0x0000000084300000, 0x00000000d5580000)
  object space 68608K, 37% used [0x0000000080000000,0x00000000818e4e48,0x0000000084300000)
 Metaspace       used 50249K, committed 51392K, reserved 1114112K
  class space    used 5546K, committed 6016K, reserved 1048576K
}
Event: 12.331 GC heap before
{Heap before GC invocations=23 (full 2):
 PSYoungGen      total 23552K, used 23207K [0x00000000d5580000, 0x00000000d7080000, 0x0000000100000000)
  eden space 22016K, 100% used [0x00000000d5580000,0x00000000d6b00000,0x00000000d6b00000)
  from space 1536K, 77% used [0x00000000d6f00000,0x00000000d7029c58,0x00000000d7080000)
  to   space 2048K, 0% used [0x00000000d6c80000,0x00000000d6c80000,0x00000000d6e80000)
 ParOldGen       total 68608K, used 25491K [0x0000000080000000, 0x0000000084300000, 0x00000000d5580000)
  object space 68608K, 37% used [0x0000000080000000,0x00000000818e4e48,0x0000000084300000)
 Metaspace       used 51396K, committed 52544K, reserved 1114112K
  class space    used 5656K, committed 6144K, reserved 1048576K
}
Event: 12.335 GC heap after
{Heap after GC invocations=23 (full 2):
 PSYoungGen      total 23552K, used 1088K [0x00000000d5580000, 0x00000000d6f80000, 0x0000000100000000)
  eden space 22016K, 0% used [0x00000000d5580000,0x00000000d5580000,0x00000000d6b00000)
  from space 1536K, 70% used [0x00000000d6c80000,0x00000000d6d90000,0x00000000d6e00000)
  to   space 1536K, 0% used [0x00000000d6e00000,0x00000000d6e00000,0x00000000d6f80000)
 ParOldGen       total 68608K, used 26422K [0x0000000080000000, 0x0000000084300000, 0x00000000d5580000)
  object space 68608K, 38% used [0x0000000080000000,0x00000000819cdac8,0x0000000084300000)
 Metaspace       used 51396K, committed 52544K, reserved 1114112K
  class space    used 5656K, committed 6144K, reserved 1048576K
}
Event: 12.810 GC heap before
{Heap before GC invocations=24 (full 2):
 PSYoungGen      total 23552K, used 23104K [0x00000000d5580000, 0x00000000d6f80000, 0x0000000100000000)
  eden space 22016K, 100% used [0x00000000d5580000,0x00000000d6b00000,0x00000000d6b00000)
  from space 1536K, 70% used [0x00000000d6c80000,0x00000000d6d90000,0x00000000d6e00000)
  to   space 1536K, 0% used [0x00000000d6e00000,0x00000000d6e00000,0x00000000d6f80000)
 ParOldGen       total 68608K, used 26422K [0x0000000080000000, 0x0000000084300000, 0x00000000d5580000)
  object space 68608K, 38% used [0x0000000080000000,0x00000000819cdac8,0x0000000084300000)
 Metaspace       used 52532K, committed 53696K, reserved 1114112K
  class space    used 5765K, committed 6272K, reserved 1048576K
}
Event: 12.813 GC heap after
{Heap after GC invocations=24 (full 2):
 PSYoungGen      total 22528K, used 1536K [0x00000000d5580000, 0x00000000d7300000, 0x0000000100000000)
  eden space 20992K, 0% used [0x00000000d5580000,0x00000000d5580000,0x00000000d6a00000)
  from space 1536K, 100% used [0x00000000d6e00000,0x00000000d6f80000,0x00000000d6f80000)
  to   space 4096K, 0% used [0x00000000d6a00000,0x00000000d6a00000,0x00000000d6e00000)
 ParOldGen       total 68608K, used 28110K [0x0000000080000000, 0x0000000084300000, 0x00000000d5580000)
  object space 68608K, 40% used [0x0000000080000000,0x0000000081b73ae8,0x0000000084300000)
 Metaspace       used 52532K, committed 53696K, reserved 1114112K
  class space    used 5765K, committed 6272K, reserved 1048576K
}
Event: 12.981 GC heap before
{Heap before GC invocations=25 (full 2):
 PSYoungGen      total 22528K, used 22528K [0x00000000d5580000, 0x00000000d7300000, 0x0000000100000000)
  eden space 20992K, 100% used [0x00000000d5580000,0x00000000d6a00000,0x00000000d6a00000)
  from space 1536K, 100% used [0x00000000d6e00000,0x00000000d6f80000,0x00000000d6f80000)
  to   space 4096K, 0% used [0x00000000d6a00000,0x00000000d6a00000,0x00000000d6e00000)
 ParOldGen       total 68608K, used 28110K [0x0000000080000000, 0x0000000084300000, 0x00000000d5580000)
  object space 68608K, 40% used [0x0000000080000000,0x0000000081b73ae8,0x0000000084300000)
 Metaspace       used 52698K, committed 53888K, reserved 1114112K
  class space    used 5766K, committed 6272K, reserved 1048576K
}
Event: 12.984 GC heap after
{Heap after GC invocations=25 (full 2):
 PSYoungGen      total 23040K, used 1936K [0x00000000d5580000, 0x00000000d6f00000, 0x0000000100000000)
  eden space 20992K, 0% used [0x00000000d5580000,0x00000000d5580000,0x00000000d6a00000)
  from space 2048K, 94% used [0x00000000d6a00000,0x00000000d6be4010,0x00000000d6c00000)
  to   space 2560K, 0% used [0x00000000d6c80000,0x00000000d6c80000,0x00000000d6f00000)
 ParOldGen       total 68608K, used 29534K [0x0000000080000000, 0x0000000084300000, 0x00000000d5580000)
  object space 68608K, 43% used [0x0000000080000000,0x0000000081cd7ae8,0x0000000084300000)
 Metaspace       used 52698K, committed 53888K, reserved 1114112K
  class space    used 5766K, committed 6272K, reserved 1048576K
}

