# JRE version: OpenJDK Runtime Environment Temurin-21.0.10+7 (21.0.10+7) (build 21.0.10+7-LTS)
# Java VM: OpenJDK 64-Bit Server VM Temurin-21.0.10+7 (21.0.10+7-LTS, mixed mode, sharing, tiered, compressed oops, compressed class ptrs, parallel gc, windows-amd64)
GC Precious Log:
 CardTable entry size: 512
 CPUs: 8 total, 8 available
 Memory: 16125M
 Large Page Support: Disabled
 NUMA Support: Disabled
 Compressed Oops: Enabled (32-bit)
 Alignments: Space 512K, Generation 512K, Heap 2M
 Heap Min Capacity: 100M
 Heap Initial Capacity: 100M
 Heap Max Capacity: 2G
 Pre-touch: Disabled
 Parallel Workers: 8
Heap:
 PSYoungGen      total 19968K, used 18259K [0x00000000d5580000, 0x00000000d7000000, 0x0000000100000000)
  eden space 16384K, 90% used [0x00000000d5580000,0x00000000d63ffb68,0x00000000d6580000)
  from space 3584K, 95% used [0x00000000d6c80000,0x00000000d6fd5448,0x00000000d7000000)
  to   space 4608K, 0% used [0x00000000d6700000,0x00000000d6700000,0x00000000d6b80000)
 ParOldGen       total 71168K, used 70767K [0x0000000080000000, 0x0000000084580000, 0x00000000d5580000)
  object space 71168K, 99% used [0x0000000080000000,0x000000008451be48,0x0000000084580000)
 Metaspace       used 55598K, committed 57088K, reserved 1114112K
  class space    used 5914K, committed 6592K, reserved 1048576K
GC Heap History (20 events):
Event: 16.097 GC heap before
{Heap before GC invocations=39 (full 2):
 PSYoungGen      total 17920K, used 17920K [0x00000000d5580000, 0x00000000d6f00000, 0x0000000100000000)
  eden space 16384K, 100% used [0x00000000d5580000,0x00000000d6580000,0x00000000d6580000)
  from space 1536K, 100% used [0x00000000d6980000,0x00000000d6b00000,0x00000000d6b00000)
  to   space 4096K, 0% used [0x00000000d6580000,0x00000000d6580000,0x00000000d6980000)
 ParOldGen       total 68608K, used 48360K [0x0000000080000000, 0x0000000084300000, 0x00000000d5580000)
  object space 68608K, 70% used [0x0000000080000000,0x0000000082f3a3a8,0x0000000084300000)
 Metaspace       used 53349K, committed 54720K, reserved 1114112K
  class space    used 5700K, committed 6336K, reserved 1048576K
}
Event: 16.101 GC heap after
{Heap after GC invocations=39 (full 2):
 PSYoungGen      total 18432K, used 1760K [0x00000000d5580000, 0x00000000d6a80000, 0x0000000100000000)
  eden space 16384K, 0% used [0x00000000d5580000,0x00000000d5580000,0x00000000d6580000)
  from space 2048K, 85% used [0x00000000d6580000,0x00000000d6738030,0x00000000d6780000)
  to   space 2560K, 0% used [0x00000000d6800000,0x00000000d6800000,0x00000000d6a80000)
 ParOldGen       total 68608K, used 49829K [0x0000000080000000, 0x0000000084300000, 0x00000000d5580000)
  object space 68608K, 72% used [0x0000000080000000,0x00000000830a94a8,0x0000000084300000)
 Metaspace       used 53349K, committed 54720K, reserved 1114112K
  class space    used 5700K, committed 6336K, reserved 1048576K
}
Event: 16.149 GC heap before
{Heap before GC invocations=40 (full 2):
 PSYoungGen      total 18432K, used 18144K [0x00000000d5580000, 0x00000000d6a80000, 0x0000000100000000)
  eden space 16384K, 100% used [0x00000000d5580000,0x00000000d6580000,0x00000000d6580000)
  from space 2048K, 85% used [0x00000000d6580000,0x00000000d6738030,0x00000000d6780000)
  to   space 2560K, 0% used [0x00000000d6800000,0x00000000d6800000,0x00000000d6a80000)
 ParOldGen       total 68608K, used 49829K [0x0000000080000000, 0x0000000084300000, 0x00000000d5580000)
  object space 68608K, 72% used [0x0000000080000000,0x00000000830a94a8,0x0000000084300000)
 Metaspace       used 53517K, committed 54912K, reserved 1114112K
  class space    used 5715K, committed 6336K, reserved 1048576K
}
Event: 16.153 GC heap after
{Heap after GC invocations=40 (full 2):
 PSYoungGen      total 17920K, used 1503K [0x00000000d5580000, 0x00000000d6980000, 0x0000000100000000)
  eden space 16384K, 0% used [0x00000000d5580000,0x00000000d5580000,0x00000000d6580000)
  from space 1536K, 97% used [0x00000000d6800000,0x00000000d6977fa0,0x00000000d6980000)
  to   space 2048K, 0% used [0x00000000d6580000,0x00000000d6580000,0x00000000d6780000)
 ParOldGen       total 68608K, used 51477K [0x0000000080000000, 0x0000000084300000, 0x00000000d5580000)
  object space 68608K, 75% used [0x0000000080000000,0x00000000832454d8,0x0000000084300000)
 Metaspace       used 53517K, committed 54912K, reserved 1114112K
  class space    used 5715K, committed 6336K, reserved 1048576K
}
Event: 16.189 GC heap before
{Heap before GC invocations=41 (full 2):
 PSYoungGen      total 17920K, used 17887K [0x00000000d5580000, 0x00000000d6980000, 0x0000000100000000)
  eden space 16384K, 100% used [0x00000000d5580000,0x00000000d6580000,0x00000000d6580000)
  from space 1536K, 97% used [0x00000000d6800000,0x00000000d6977fa0,0x00000000d6980000)
  to   space 2048K, 0% used [0x00000000d6580000,0x00000000d6580000,0x00000000d6780000)
 ParOldGen       total 68608K, used 51477K [0x0000000080000000, 0x0000000084300000, 0x00000000d5580000)
  object space 68608K, 75% used [0x0000000080000000,0x00000000832454d8,0x0000000084300000)
 Metaspace       used 53613K, committed 54976K, reserved 1114112K
  class space    used 5722K, committed 6336K, reserved 1048576K
}
Event: 16.192 GC heap after
{Heap after GC invocations=41 (full 2):
 PSYoungGen      total 18432K, used 1784K [0x00000000d5580000, 0x00000000d6980000, 0x0000000100000000)
  eden space 16384K, 0% used [0x00000000d5580000,0x00000000d5580000,0x00000000d6580000)
  from space 2048K, 87% used [0x00000000d6580000,0x00000000d673e220,0x00000000d6780000)
  to   space 2048K, 0% used [0x00000000d6780000,0x00000000d6780000,0x00000000d6980000)
 ParOldGen       total 68608K, used 52773K [0x0000000080000000, 0x0000000084300000, 0x00000000d5580000)
  object space 68608K, 76% used [0x0000000080000000,0x00000000833894d8,0x0000000084300000)
 Metaspace       used 53613K, committed 54976K, reserved 1114112K
  class space    used 5722K, committed 6336K, reserved 1048576K
}
Event: 16.287 GC heap before
{Heap before GC invocations=42 (full 2):
 PSYoungGen      total 18432K, used 18143K [0x00000000d5580000, 0x00000000d6980000, 0x0000000100000000)
  eden space 16384K, 99% used [0x00000000d5580000,0x00000000d6579ce8,0x00000000d6580000)
  from space 2048K, 87% used [0x00000000d6580000,0x00000000d673e220,0x00000000d6780000)
  to   space 2048K, 0% used [0x00000000d6780000,0x00000000d6780000,0x00000000d6980000)
 ParOldGen       total 68608K, used 52773K [0x0000000080000000, 0x0000000084300000, 0x00000000d5580000)
  object space 68608K, 76% used [0x0000000080000000,0x00000000833894d8,0x0000000084300000)
 Metaspace       used 53937K, committed 55296K, reserved 1114112K
  class space    used 5747K, committed 6336K, reserved 1048576K
}
Event: 16.289 GC heap after
{Heap after GC invocations=42 (full 2):
 PSYoungGen      total 18432K, used 1421K [0x00000000d5580000, 0x00000000d6980000, 0x0000000100000000)
  eden space 16384K, 0% used [0x00000000d5580000,0x00000000d5580000,0x00000000d6580000)
  from space 2048K, 69% used [0x00000000d6780000,0x00000000d68e3510,0x00000000d6980000)
  to   space 2048K, 0% used [0x00000000d6580000,0x00000000d6580000,0x00000000d6780000)
 ParOldGen       total 68608K, used 54114K [0x0000000080000000, 0x0000000084300000, 0x00000000d5580000)
  object space 68608K, 78% used [0x0000000080000000,0x00000000834d8a60,0x0000000084300000)
 Metaspace       used 53937K, committed 55296K, reserved 1114112K
  class space    used 5747K, committed 6336K, reserved 1048576K
}
Event: 16.474 GC heap before
{Heap before GC invocations=43 (full 2):
 PSYoungGen      total 18432K, used 17805K [0x00000000d5580000, 0x00000000d6980000, 0x0000000100000000)
  eden space 16384K, 100% used [0x00000000d5580000,0x00000000d6580000,0x00000000d6580000)
  from space 2048K, 69% used [0x00000000d6780000,0x00000000d68e3510,0x00000000d6980000)
  to   space 2048K, 0% used [0x00000000d6580000,0x00000000d6580000,0x00000000d6780000)
 ParOldGen       total 68608K, used 54114K [0x0000000080000000, 0x0000000084300000, 0x00000000d5580000)
  object space 68608K, 78% used [0x0000000080000000,0x00000000834d8a60,0x0000000084300000)
 Metaspace       used 54163K, committed 55616K, reserved 1114112K
  class space    used 5760K, committed 6400K, reserved 1048576K
}
Event: 16.476 GC heap after
{Heap after GC invocations=43 (full 2):
 PSYoungGen      total 18432K, used 2036K [0x00000000d5580000, 0x00000000d6e80000, 0x0000000100000000)
  eden space 16384K, 0% used [0x00000000d5580000,0x00000000d5580000,0x00000000d6580000)
  from space 2048K, 99% used [0x00000000d6580000,0x00000000d677d330,0x00000000d6780000)
  to   space 4608K, 0% used [0x00000000d6a00000,0x00000000d6a00000,0x00000000d6e80000)
 ParOldGen       total 68608K, used 56012K [0x0000000080000000, 0x0000000084300000, 0x00000000d5580000)
  object space 68608K, 81% used [0x0000000080000000,0x00000000836b3140,0x0000000084300000)
 Metaspace       used 54163K, committed 55616K, reserved 1114112K
  class space    used 5760K, committed 6400K, reserved 1048576K
}
Event: 16.563 GC heap before
{Heap before GC invocations=44 (full 2):
 PSYoungGen      total 18432K, used 18420K [0x00000000d5580000, 0x00000000d6e80000, 0x0000000100000000)
  eden space 16384K, 100% used [0x00000000d5580000,0x00000000d6580000,0x00000000d6580000)
  from space 2048K, 99% used [0x00000000d6580000,0x00000000d677d330,0x00000000d6780000)
  to   space 4608K, 0% used [0x00000000d6a00000,0x00000000d6a00000,0x00000000d6e80000)
 ParOldGen       total 68608K, used 56012K [0x0000000080000000, 0x0000000084300000, 0x00000000d5580000)
  object space 68608K, 81% used [0x0000000080000000,0x00000000836b3140,0x0000000084300000)
 Metaspace       used 54304K, committed 55744K, reserved 1114112K
  class space    used 5774K, committed 6400K, reserved 1048576K
}
Event: 16.566 GC heap after
{Heap after GC invocations=44 (full 2):
 PSYoungGen      total 19968K, used 3522K [0x00000000d5580000, 0x00000000d6d80000, 0x0000000100000000)
  eden space 16384K, 0% used [0x00000000d5580000,0x00000000d5580000,0x00000000d6580000)
  from space 3584K, 98% used [0x00000000d6a00000,0x00000000d6d70b30,0x00000000d6d80000)
  to   space 4096K, 0% used [0x00000000d6580000,0x00000000d6580000,0x00000000d6980000)
 ParOldGen       total 68608K, used 57950K [0x0000000080000000, 0x0000000084300000, 0x00000000d5580000)
  object space 68608K, 84% used [0x0000000080000000,0x0000000083897920,0x0000000084300000)
 Metaspace       used 54304K, committed 55744K, reserved 1114112K
  class space    used 5774K, committed 6400K, reserved 1048576K
}
Event: 16.630 GC heap before
{Heap before GC invocations=45 (full 2):
 PSYoungGen      total 19968K, used 19906K [0x00000000d5580000, 0x00000000d6d80000, 0x0000000100000000)
  eden space 16384K, 100% used [0x00000000d5580000,0x00000000d6580000,0x00000000d6580000)
  from space 3584K, 98% used [0x00000000d6a00000,0x00000000d6d70b30,0x00000000d6d80000)
  to   space 4096K, 0% used [0x00000000d6580000,0x00000000d6580000,0x00000000d6980000)
 ParOldGen       total 68608K, used 57950K [0x0000000080000000, 0x0000000084300000, 0x00000000d5580000)
  object space 68608K, 84% used [0x0000000080000000,0x0000000083897920,0x0000000084300000)
 Metaspace       used 54400K, committed 55808K, reserved 1114112K
  class space    used 5776K, committed 6400K, reserved 1048576K
}
Event: 16.635 GC heap after
{Heap after GC invocations=45 (full 2):
 PSYoungGen      total 19968K, used 3440K [0x00000000d5580000, 0x00000000d6c80000, 0x0000000100000000)
  eden space 16384K, 0% used [0x00000000d5580000,0x00000000d5580000,0x00000000d6580000)
  from space 3584K, 95% used [0x00000000d6580000,0x00000000d68dc140,0x00000000d6900000)
  to   space 3584K, 0% used [0x00000000d6900000,0x00000000d6900000,0x00000000d6c80000)
 ParOldGen       total 68608K, used 61170K [0x0000000080000000, 0x0000000084300000, 0x00000000d5580000)
  object space 68608K, 89% used [0x0000000080000000,0x0000000083bbc920,0x0000000084300000)
 Metaspace       used 54400K, committed 55808K, reserved 1114112K
  class space    used 5776K, committed 6400K, reserved 1048576K
}
Event: 16.694 GC heap before
{Heap before GC invocations=46 (full 2):
 PSYoungGen      total 19968K, used 19824K [0x00000000d5580000, 0x00000000d6c80000, 0x0000000100000000)
  eden space 16384K, 100% used [0x00000000d5580000,0x00000000d6580000,0x00000000d6580000)
  from space 3584K, 95% used [0x00000000d6580000,0x00000000d68dc140,0x00000000d6900000)
  to   space 3584K, 0% used [0x00000000d6900000,0x00000000d6900000,0x00000000d6c80000)
 ParOldGen       total 68608K, used 61170K [0x0000000080000000, 0x0000000084300000, 0x00000000d5580000)
  object space 68608K, 89% used [0x0000000080000000,0x0000000083bbc920,0x0000000084300000)
 Metaspace       used 54556K, committed 55936K, reserved 1114112K
  class space    used 5788K, committed 6400K, reserved 1048576K
}
Event: 16.698 GC heap after
{Heap after GC invocations=46 (full 2):
 PSYoungGen      total 19968K, used 3087K [0x00000000d5580000, 0x00000000d6c80000, 0x0000000100000000)
  eden space 16384K, 0% used [0x00000000d5580000,0x00000000d5580000,0x00000000d6580000)
  from space 3584K, 86% used [0x00000000d6900000,0x00000000d6c03d70,0x00000000d6c80000)
  to   space 3584K, 0% used [0x00000000d6580000,0x00000000d6580000,0x00000000d6900000)
 ParOldGen       total 68608K, used 64431K [0x0000000080000000, 0x0000000084300000, 0x00000000d5580000)
  object space 68608K, 93% used [0x0000000080000000,0x0000000083eebde8,0x0000000084300000)
 Metaspace       used 54556K, committed 55936K, reserved 1114112K
  class space    used 5788K, committed 6400K, reserved 1048576K
}
Event: 16.773 GC heap before
{Heap before GC invocations=47 (full 2):
 PSYoungGen      total 19968K, used 19471K [0x00000000d5580000, 0x00000000d6c80000, 0x0000000100000000)
  eden space 16384K, 100% used [0x00000000d5580000,0x00000000d6580000,0x00000000d6580000)
  from space 3584K, 86% used [0x00000000d6900000,0x00000000d6c03d70,0x00000000d6c80000)
  to   space 3584K, 0% used [0x00000000d6580000,0x00000000d6580000,0x00000000d6900000)
 ParOldGen       total 68608K, used 64431K [0x0000000080000000, 0x0000000084300000, 0x00000000d5580000)
  object space 68608K, 93% used [0x0000000080000000,0x0000000083eebde8,0x0000000084300000)
 Metaspace       used 54676K, committed 56000K, reserved 1114112K
  class space    used 5801K, committed 6400K, reserved 1048576K
}
Event: 16.776 GC heap after
{Heap after GC invocations=47 (full 2):
 PSYoungGen      total 19968K, used 3563K [0x00000000d5580000, 0x00000000d7380000, 0x0000000100000000)
  eden space 16384K, 0% used [0x00000000d5580000,0x00000000d5580000,0x00000000d6580000)
  from space 3584K, 99% used [0x00000000d6580000,0x00000000d68faf60,0x00000000d6900000)
  to   space 7168K, 0% used [0x00000000d6c80000,0x00000000d6c80000,0x00000000d7380000)
 ParOldGen       total 68608K, used 67372K [0x0000000080000000, 0x0000000084300000, 0x00000000d5580000)
  object space 68608K, 98% used [0x0000000080000000,0x00000000841cb298,0x0000000084300000)
 Metaspace       used 54676K, committed 56000K, reserved 1114112K
  class space    used 5801K, committed 6400K, reserved 1048576K
}
Event: 16.876 GC heap before
{Heap before GC invocations=48 (full 2):
 PSYoungGen      total 19968K, used 19947K [0x00000000d5580000, 0x00000000d7380000, 0x0000000100000000)
  eden space 16384K, 100% used [0x00000000d5580000,0x00000000d6580000,0x00000000d6580000)
  from space 3584K, 99% used [0x00000000d6580000,0x00000000d68faf60,0x00000000d6900000)
  to   space 7168K, 0% used [0x00000000d6c80000,0x00000000d6c80000,0x00000000d7380000)
 ParOldGen       total 68608K, used 67372K [0x0000000080000000, 0x0000000084300000, 0x00000000d5580000)
  object space 68608K, 98% used [0x0000000080000000,0x00000000841cb298,0x0000000084300000)
 Metaspace       used 54822K, committed 56256K, reserved 1114112K
  class space    used 5817K, committed 6464K, reserved 1048576K
}
Event: 16.880 GC heap after
{Heap after GC invocations=48 (full 2):
 PSYoungGen      total 19968K, used 3413K [0x00000000d5580000, 0x00000000d7000000, 0x0000000100000000)
  eden space 16384K, 0% used [0x00000000d5580000,0x00000000d5580000,0x00000000d6580000)
  from space 3584K, 95% used [0x00000000d6c80000,0x00000000d6fd5448,0x00000000d7000000)
  to   space 4608K, 0% used [0x00000000d6700000,0x00000000d6700000,0x00000000d6b80000)
 ParOldGen       total 71168K, used 70767K [0x0000000080000000, 0x0000000084580000, 0x00000000d5580000)
  object space 71168K, 99% used [0x0000000080000000,0x000000008451be48,0x0000000084580000)
 Metaspace       used 54822K, committed 56256K, reserved 1114112K
  class space    used 5817K, committed 6464K, reserved 1048576K
}

